<?xml version="1.0" encoding="UTF-8"?>
<!-- Generated by org.testng.reporters.JUnitXMLReporter -->
<testsuite ignored="0" hostname="DESKTOP-A9LPROO" failures="1" tests="7" name="Surefire test" time="28.246" errors="0" timestamp="2024-08-16T12:58:30 CST">
  <testcase classname="tests.TS01_LoginTest" name="TC_Smoke_01_WRG_PASSWORD" time="0.342"/>
  <testcase classname="tests.TS01_LoginTest" name="TC_Smoke_02_RIGHT_PASSWORD" time="6.763"/>
  <testcase classname="tests.TS02_PageElementsTest" name="TC_Smoke_03_Dropdown_Validation" time="0.759"/>
  <testcase classname="tests.TS02_PageElementsTest" name="TC_Smoke_04_Get_InputElements" time="0.016"/>
  <testcase classname="tests.TS02_PageElementsTest" name="TC_Smoke_05_Get_loginByElements" time="0.369"/>
  <testcase classname="tests.TS02_PageElementsTest" name="TC_Smoke_06_Verify_ExistElements" time="8.176">
    <failure type="java.lang.AssertionError" message="No existe el elemento By.className: noExist
 expected [true] but found [false]">
      <![CDATA[java.lang.AssertionError: No existe el elemento By.className: noExist
 expected [true] but found [false]
at tests.TS02_PageElementsTest.TC_Smoke_06_Verify_ExistElements(TS02_PageElementsTest.java:35)
at java.base/java.util.ArrayList.forEach(ArrayList.java:1597)
... Removed 33 stack frames]]>
    </failure>
  </testcase> <!-- TC_Smoke_06_Verify_ExistElements -->
  <testcase classname="tests.TS02_PageElementsTest" name="TC_Smoke_06_Verify_WebTitle" time="0.037"/>
</testsuite> <!-- Surefire test -->
